This file contains any messages produced by compilers while
running configure, to aid debugging if configure makes a mistake.

It was created by MTPfs configure 0.3, which was
generated by GNU Autoconf 2.59.  Invocation command line was

  $ ./configure --enable-debug

## --------- ##
## Platform. ##
## --------- ##

hostname = debianham
uname -m = i686
uname -r = 2.6.15-26-686
uname -s = Linux
uname -v = #1 SMP PREEMPT Fri Jul 7 19:48:22 UTC 2006

/usr/bin/uname -p = unknown
/bin/uname -X     = unknown

/bin/arch              = i686
/usr/bin/arch -k       = unknown
/usr/convex/getsysinfo = unknown
hostinfo               = unknown
/bin/machine           = unknown
/usr/bin/oslevel       = unknown
/bin/universe          = unknown

PATH: /usr/local/sbin
PATH: /usr/local/bin
PATH: /usr/sbin
PATH: /usr/bin
PATH: /sbin
PATH: /bin
PATH: /usr/bin/X11
PATH: /usr/games


## ----------- ##
## Core tests. ##
## ----------- ##

configure:1325: checking for a BSD-compatible install
configure:1380: result: /usr/bin/install -c
configure:1391: checking whether build environment is sane
configure:1434: result: yes
configure:1499: checking for gawk
configure:1515: found /usr/bin/gawk
configure:1525: result: gawk
configure:1535: checking whether make sets $(MAKE)
configure:1555: result: yes
configure:1769: checking for gcc
configure:1785: found /usr/bin/gcc
configure:1795: result: gcc
configure:2039: checking for C compiler version
configure:2042: gcc --version </dev/null >&5
gcc (GCC) 4.0.3 (Ubuntu 4.0.3-1ubuntu5)
Copyright (C) 2006 Free Software Foundation, Inc.
This is free software; see the source for copying conditions.  There is NO
warranty; not even for MERCHANTABILITY or FITNESS FOR A PARTICULAR PURPOSE.

configure:2045: $? = 0
configure:2047: gcc -v </dev/null >&5
Using built-in specs.
Target: i486-linux-gnu
Configured with: ../src/configure -v --enable-languages=c,c++,java,f95,objc,ada,treelang --prefix=/usr --enable-shared --with-system-zlib --libexecdir=/usr/lib --without-included-gettext --enable-threads=posix --enable-nls --program-suffix=-4.0 --enable-__cxa_atexit --enable-clocale=gnu --enable-libstdcxx-debug --enable-java-awt=gtk-default --enable-gtk-cairo --with-java-home=/usr/lib/jvm/java-1.4.2-gcj-4.0-1.4.2.0/jre --enable-mpfr --disable-werror --with-tune=pentium4 --enable-checking=release i486-linux-gnu
Thread model: posix
gcc version 4.0.3 (Ubuntu 4.0.3-1ubuntu5)
configure:2050: $? = 0
configure:2052: gcc -V </dev/null >&5
gcc: '-V' option must have argument
configure:2055: $? = 1
configure:2078: checking for C compiler default output file name
configure:2081: gcc    conftest.c  >&5
configure:2084: $? = 0
configure:2130: result: a.out
configure:2135: checking whether the C compiler works
configure:2141: ./a.out
configure:2144: $? = 0
configure:2161: result: yes
configure:2168: checking whether we are cross compiling
configure:2170: result: no
configure:2173: checking for suffix of executables
configure:2175: gcc -o conftest    conftest.c  >&5
configure:2178: $? = 0
configure:2203: result: 
configure:2209: checking for suffix of object files
configure:2230: gcc -c   conftest.c >&5
configure:2233: $? = 0
configure:2255: result: o
configure:2259: checking whether we are using the GNU C compiler
configure:2283: gcc -c   conftest.c >&5
configure:2289: $? = 0
configure:2292: test -z 			 || test ! -s conftest.err
configure:2295: $? = 0
configure:2298: test -s conftest.o
configure:2301: $? = 0
configure:2314: result: yes
configure:2320: checking whether gcc accepts -g
configure:2341: gcc -c -g  conftest.c >&5
configure:2347: $? = 0
configure:2350: test -z 			 || test ! -s conftest.err
configure:2353: $? = 0
configure:2356: test -s conftest.o
configure:2359: $? = 0
configure:2370: result: yes
configure:2387: checking for gcc option to accept ANSI C
configure:2457: gcc  -c -g -O2  conftest.c >&5
configure:2463: $? = 0
configure:2466: test -z 			 || test ! -s conftest.err
configure:2469: $? = 0
configure:2472: test -s conftest.o
configure:2475: $? = 0
configure:2493: result: none needed
configure:2511: gcc -c -g -O2  conftest.c >&5
conftest.c:2: error: syntax error before 'me'
configure:2517: $? = 1
configure: failed program was:
| #ifndef __cplusplus
|   choke me
| #endif
configure:2658: checking for style of include used by make
configure:2686: result: GNU
configure:2714: checking dependency style of gcc
configure:2804: result: gcc3
configure:2834: checking for a BSD-compatible install
configure:2889: result: /usr/bin/install -c
configure:2948: checking for pkg-config
configure:2966: found /usr/bin/pkg-config
configure:2978: result: /usr/bin/pkg-config
configure:2993: checking pkg-config is at least version 0.9.0
configure:2996: result: yes
configure:3007: checking for FUSE
configure:3020: $PKG_CONFIG --exists --print-errors "fuse >= 2.2 \
                        glib-2.0 >= 2.6 \
                        gthread-2.0 >= 1.2 \
                        mad >= 0.15 \
                        id3tag >= 0.15 \
                        libmtp >= 0.0.9"
configure:3028: $? = 0
configure:3053: $PKG_CONFIG --exists --print-errors "fuse >= 2.2 \
                        glib-2.0 >= 2.6 \
                        gthread-2.0 >= 1.2 \
                        mad >= 0.15 \
                        id3tag >= 0.15 \
                        libmtp >= 0.0.9"
configure:3061: $? = 0
configure:3162: result: yes
configure:3338: creating ./config.status

## ---------------------- ##
## Running config.status. ##
## ---------------------- ##

This file was extended by MTPfs config.status 0.3, which was
generated by GNU Autoconf 2.59.  Invocation command line was

  CONFIG_FILES    = 
  CONFIG_HEADERS  = 
  CONFIG_LINKS    = 
  CONFIG_COMMANDS = 
  $ ./config.status 

on debianham

config.status:722: creating Makefile
config.status:867: executing depfiles commands

## ---------------- ##
## Cache variables. ##
## ---------------- ##

ac_cv_c_compiler_gnu=yes
ac_cv_env_CC_set=
ac_cv_env_CC_value=
ac_cv_env_CFLAGS_set=
ac_cv_env_CFLAGS_value=
ac_cv_env_CPPFLAGS_set=
ac_cv_env_CPPFLAGS_value=
ac_cv_env_FUSE_CFLAGS_set=
ac_cv_env_FUSE_CFLAGS_value=
ac_cv_env_FUSE_LIBS_set=
ac_cv_env_FUSE_LIBS_value=
ac_cv_env_LDFLAGS_set=
ac_cv_env_LDFLAGS_value=
ac_cv_env_PKG_CONFIG_set=
ac_cv_env_PKG_CONFIG_value=
ac_cv_env_build_alias_set=
ac_cv_env_build_alias_value=
ac_cv_env_host_alias_set=
ac_cv_env_host_alias_value=
ac_cv_env_target_alias_set=
ac_cv_env_target_alias_value=
ac_cv_exeext=
ac_cv_objext=o
ac_cv_path_ac_pt_PKG_CONFIG=/usr/bin/pkg-config
ac_cv_path_install='/usr/bin/install -c'
ac_cv_prog_AWK=gawk
ac_cv_prog_ac_ct_CC=gcc
ac_cv_prog_cc_g=yes
ac_cv_prog_cc_stdc=
ac_cv_prog_make_make_set=yes
am_cv_CC_dependencies_compiler_type=gcc3
pkg_cv_FUSE_CFLAGS='-D_FILE_OFFSET_BITS=64 -pthread -I/usr/include/fuse -I/usr/include/glib-2.0 -I/usr/lib/glib-2.0/include  '
pkg_cv_FUSE_LIBS='-pthread -lfuse -lpthread -lgthread-2.0 -lglib-2.0 -lmad -lm -lid3tag -lz -lmtp -lusb  '

## ----------------- ##
## Output variables. ##
## ----------------- ##

ACLOCAL='${SHELL} /home/cjd/source/mtpfs-0.3/missing --run aclocal-1.9'
AMDEPBACKSLASH='\'
AMDEP_FALSE='#'
AMDEP_TRUE=''
AMTAR='${SHELL} /home/cjd/source/mtpfs-0.3/missing --run tar'
AUTOCONF='${SHELL} /home/cjd/source/mtpfs-0.3/missing --run autoconf'
AUTOHEADER='${SHELL} /home/cjd/source/mtpfs-0.3/missing --run autoheader'
AUTOMAKE='${SHELL} /home/cjd/source/mtpfs-0.3/missing --run automake-1.9'
AWK='gawk'
CC='gcc'
CCDEPMODE='depmode=gcc3'
CFLAGS='-g -O2'
CPPFLAGS=''
CYGPATH_W='echo'
DEFS='-DPACKAGE_NAME=\"MTPfs\" -DPACKAGE_TARNAME=\"mtpfs\" -DPACKAGE_VERSION=\"0.3\" -DPACKAGE_STRING=\"MTPfs\ 0.3\" -DPACKAGE_BUGREPORT=\"Chris\ Debenham\ \<chris@adebenham.com\>\" -DPACKAGE=\"mtpfs\" -DVERSION=\"0.3\" -DDEBUG=1 '
DEPDIR='.deps'
ECHO_C=''
ECHO_N='-n'
ECHO_T=''
EXEEXT=''
FUSE_CFLAGS='-D_FILE_OFFSET_BITS=64 -pthread -I/usr/include/fuse -I/usr/include/glib-2.0 -I/usr/lib/glib-2.0/include  '
FUSE_LIBS='-pthread -lfuse -lpthread -lgthread-2.0 -lglib-2.0 -lmad -lm -lid3tag -lz -lmtp -lusb  '
INSTALL_DATA='${INSTALL} -m 644'
INSTALL_PROGRAM='${INSTALL}'
INSTALL_SCRIPT='${INSTALL}'
INSTALL_STRIP_PROGRAM='${SHELL} $(install_sh) -c -s'
LDFLAGS=''
LIBOBJS=''
LIBS=''
LTLIBOBJS=''
MAKEINFO='${SHELL} /home/cjd/source/mtpfs-0.3/missing --run makeinfo'
OBJEXT='o'
PACKAGE='mtpfs'
PACKAGE_BUGREPORT='Chris Debenham <chris@adebenham.com>'
PACKAGE_NAME='MTPfs'
PACKAGE_STRING='MTPfs 0.3'
PACKAGE_TARNAME='mtpfs'
PACKAGE_VERSION='0.3'
PATH_SEPARATOR=':'
PKG_CONFIG='/usr/bin/pkg-config'
SET_MAKE=''
SHELL='/bin/sh'
STRIP=''
VERSION='0.3'
ac_ct_CC='gcc'
ac_ct_STRIP=''
ac_pt_PKG_CONFIG='/usr/bin/pkg-config'
am__fastdepCC_FALSE='#'
am__fastdepCC_TRUE=''
am__include='include'
am__leading_dot='.'
am__quote=''
am__tar='${AMTAR} chof - "$$tardir"'
am__untar='${AMTAR} xf -'
bindir='${exec_prefix}/bin'
build_alias=''
datadir='${prefix}/share'
exec_prefix='${prefix}'
host_alias=''
includedir='${prefix}/include'
infodir='${prefix}/info'
install_sh='/home/cjd/source/mtpfs-0.3/install-sh'
libdir='${exec_prefix}/lib'
libexecdir='${exec_prefix}/libexec'
localstatedir='${prefix}/var'
mandir='${prefix}/man'
mkdir_p='mkdir -p --'
oldincludedir='/usr/include'
prefix='/usr/local'
program_transform_name='s,x,x,'
sbindir='${exec_prefix}/sbin'
sharedstatedir='${prefix}/com'
sysconfdir='${prefix}/etc'
target_alias=''

## ----------- ##
## confdefs.h. ##
## ----------- ##

#define DEBUG 1
#define PACKAGE "mtpfs"
#define PACKAGE_BUGREPORT "Chris Debenham <chris@adebenham.com>"
#define PACKAGE_NAME "MTPfs"
#define PACKAGE_STRING "MTPfs 0.3"
#define PACKAGE_TARNAME "mtpfs"
#define PACKAGE_VERSION "0.3"
#define VERSION "0.3"

configure: exit 0
